# JRE version: OpenJDK Runtime Environment (8.0_152-b06) (build 1.8.0_152-release-1136-b06)
# Java VM: OpenJDK 64-Bit Server VM (25.152-b06 mixed mode windows-amd64 compressed oops)
Heap:
 PSYoungGen      total 402944K, used 344204K [0x00000000e0000000, 0x00000000ff700000, 0x0000000100000000)
  eden space 329216K, 99% used [0x00000000e0000000,0x00000000f408c128,0x00000000f4180000)
  from space 73728K, 21% used [0x00000000f4180000,0x00000000f51170b0,0x00000000f8980000)
  to   space 70144K, 14% used [0x00000000fb280000,0x00000000fbc27048,0x00000000ff700000)
 ParOldGen       total 294912K, used 179675K [0x00000000a0000000, 0x00000000b2000000, 0x00000000e0000000)
  object space 294912K, 60% used [0x00000000a0000000,0x00000000aaf76ec0,0x00000000b2000000)
 Metaspace       used 94459K, capacity 98826K, committed 99732K, reserved 1136640K
  class space    used 11954K, capacity 12897K, committed 13244K, reserved 1048576K
GC Heap History (10 events):
Event: 129.806 GC heap after
Heap after GC invocations=33 (full 3):
 PSYoungGen      total 327680K, used 6728K [0x00000000e0000000, 0x00000000f6e80000, 0x0000000100000000)
  eden space 292352K, 0% used [0x00000000e0000000,0x00000000e0000000,0x00000000f1d80000)
  from space 35328K, 19% used [0x00000000f4c00000,0x00000000f5292170,0x00000000f6e80000)
  to   space 41472K, 0% used [0x00000000f1d80000,0x00000000f1d80000,0x00000000f4600000)
 ParOldGen       total 148992K, used 127620K [0x00000000a0000000, 0x00000000a9180000, 0x00000000e0000000)
  object space 148992K, 85% used [0x00000000a0000000,0x00000000a7ca12d8,0x00000000a9180000)
 Metaspace       used 91905K, capacity 96586K, committed 96788K, reserved 1132544K
  class space    used 11844K, capacity 12847K, committed 12860K, reserved 1048576K
}
Event: 132.564 GC heap before
{Heap before GC invocations=34 (full 3):
 PSYoungGen      total 327680K, used 299080K [0x00000000e0000000, 0x00000000f6e80000, 0x0000000100000000)
  eden space 292352K, 100% used [0x00000000e0000000,0x00000000f1d80000,0x00000000f1d80000)
  from space 35328K, 19% used [0x00000000f4c00000,0x00000000f5292170,0x00000000f6e80000)
  to   space 41472K, 0% used [0x00000000f1d80000,0x00000000f1d80000,0x00000000f4600000)
 ParOldGen       total 148992K, used 127620K [0x00000000a0000000, 0x00000000a9180000, 0x00000000e0000000)
  object space 148992K, 85% used [0x00000000a0000000,0x00000000a7ca12d8,0x00000000a9180000)
 Metaspace       used 92828K, capacity 97584K, committed 97684K, reserved 1134592K
  class space    used 11937K, capacity 12974K, committed 12988K, reserved 1048576K
Event: 132.617 GC heap after
Heap after GC invocations=34 (full 3):
 PSYoungGen      total 333824K, used 41465K [0x00000000e0000000, 0x00000000fc280000, 0x0000000100000000)
  eden space 292352K, 0% used [0x00000000e0000000,0x00000000e0000000,0x00000000f1d80000)
  from space 41472K, 99% used [0x00000000f1d80000,0x00000000f45fe758,0x00000000f4600000)
  to   space 58368K, 0% used [0x00000000f8980000,0x00000000f8980000,0x00000000fc280000)
 ParOldGen       total 154112K, used 153689K [0x00000000a0000000, 0x00000000a9680000, 0x00000000e0000000)
  object space 154112K, 99% used [0x00000000a0000000,0x00000000a9616758,0x00000000a9680000)
 Metaspace       used 92828K, capacity 97584K, committed 97684K, reserved 1134592K
  class space    used 11937K, capacity 12974K, committed 12988K, reserved 1048576K
}
Event: 132.618 GC heap before
{Heap before GC invocations=35 (full 4):
 PSYoungGen      total 333824K, used 41465K [0x00000000e0000000, 0x00000000fc280000, 0x0000000100000000)
  eden space 292352K, 0% used [0x00000000e0000000,0x00000000e0000000,0x00000000f1d80000)
  from space 41472K, 99% used [0x00000000f1d80000,0x00000000f45fe758,0x00000000f4600000)
  to   space 58368K, 0% used [0x00000000f8980000,0x00000000f8980000,0x00000000fc280000)
 ParOldGen       total 154112K, used 153689K [0x00000000a0000000, 0x00000000a9680000, 0x00000000e0000000)
  object space 154112K, 99% used [0x00000000a0000000,0x00000000a9616758,0x00000000a9680000)
 Metaspace       used 92828K, capacity 97584K, committed 97684K, reserved 1134592K
  class space    used 11937K, capacity 12974K, committed 12988K, reserved 1048576K
Event: 133.040 GC heap after
Heap after GC invocations=35 (full 4):
 PSYoungGen      total 333824K, used 0K [0x00000000e0000000, 0x00000000fc280000, 0x0000000100000000)
  eden space 292352K, 0% used [0x00000000e0000000,0x00000000e0000000,0x00000000f1d80000)
  from space 41472K, 0% used [0x00000000f1d80000,0x00000000f1d80000,0x00000000f4600000)
  to   space 58368K, 0% used [0x00000000f8980000,0x00000000f8980000,0x00000000fc280000)
 ParOldGen       total 294912K, used 141443K [0x00000000a0000000, 0x00000000b2000000, 0x00000000e0000000)
  object space 294912K, 47% used [0x00000000a0000000,0x00000000a8a20c08,0x00000000b2000000)
 Metaspace       used 92223K, capacity 96108K, committed 97684K, reserved 1134592K
  class space    used 11721K, capacity 12604K, committed 12988K, reserved 1048576K
}
Event: 134.768 GC heap before
{Heap before GC invocations=36 (full 4):
 PSYoungGen      total 333824K, used 292352K [0x00000000e0000000, 0x00000000fc280000, 0x0000000100000000)
  eden space 292352K, 100% used [0x00000000e0000000,0x00000000f1d80000,0x00000000f1d80000)
  from space 41472K, 0% used [0x00000000f1d80000,0x00000000f1d80000,0x00000000f4600000)
  to   space 58368K, 0% used [0x00000000f8980000,0x00000000f8980000,0x00000000fc280000)
 ParOldGen       total 294912K, used 141443K [0x00000000a0000000, 0x00000000b2000000, 0x00000000e0000000)
  object space 294912K, 47% used [0x00000000a0000000,0x00000000a8a20c08,0x00000000b2000000)
 Metaspace       used 92290K, capacity 96248K, committed 97940K, reserved 1134592K
  class space    used 11724K, capacity 12608K, committed 12988K, reserved 1048576K
Event: 134.823 GC heap after
Heap after GC invocations=36 (full 4):
 PSYoungGen      total 387584K, used 58357K [0x00000000e0000000, 0x00000000fe300000, 0x0000000100000000)
  eden space 329216K, 0% used [0x00000000e0000000,0x00000000e0000000,0x00000000f4180000)
  from space 58368K, 99% used [0x00000000f8980000,0x00000000fc27d5b8,0x00000000fc280000)
  to   space 73728K, 0% used [0x00000000f4180000,0x00000000f4180000,0x00000000f8980000)
 ParOldGen       total 294912K, used 154223K [0x00000000a0000000, 0x00000000b2000000, 0x00000000e0000000)
  object space 294912K, 52% used [0x00000000a0000000,0x00000000a969bf38,0x00000000b2000000)
 Metaspace       used 92290K, capacity 96248K, committed 97940K, reserved 1134592K
  class space    used 11724K, capacity 12608K, committed 12988K, reserved 1048576K
}
Event: 1651.027 GC heap before
{Heap before GC invocations=37 (full 4):
 PSYoungGen      total 387584K, used 387573K [0x00000000e0000000, 0x00000000fe300000, 0x0000000100000000)
  eden space 329216K, 100% used [0x00000000e0000000,0x00000000f4180000,0x00000000f4180000)
  from space 58368K, 99% used [0x00000000f8980000,0x00000000fc27d5b8,0x00000000fc280000)
  to   space 73728K, 0% used [0x00000000f4180000,0x00000000f4180000,0x00000000f8980000)
 ParOldGen       total 294912K, used 154223K [0x00000000a0000000, 0x00000000b2000000, 0x00000000e0000000)
  object space 294912K, 52% used [0x00000000a0000000,0x00000000a969bf38,0x00000000b2000000)
 Metaspace       used 93961K, capacity 98238K, committed 99348K, reserved 1136640K
  class space    used 11935K, capacity 12837K, committed 13116K, reserved 1048576K
Event: 1651.055 GC heap after
Heap after GC invocations=37 (full 4):
 PSYoungGen      total 402944K, used 15964K [0x00000000e0000000, 0x00000000ff700000, 0x0000000100000000)
  eden space 329216K, 0% used [0x00000000e0000000,0x00000000e0000000,0x00000000f4180000)
  from space 73728K, 21% used [0x00000000f4180000,0x00000000f51170b0,0x00000000f8980000)
  to   space 70144K, 0% used [0x00000000fb280000,0x00000000fb280000,0x00000000ff700000)
 ParOldGen       total 294912K, used 178586K [0x00000000a0000000, 0x00000000b2000000, 0x00000000e0000000)
  object space 294912K, 60% used [0x00000000a0000000,0x00000000aae66ad8,0x00000000b2000000)
 Metaspace       used 93961K, capacity 98238K, committed 99348K, reserved 1136640K
  class space    used 11935K, capacity 12837K, committed 13116K, reserved 1048576K
}
Event: 1771.270 GC heap before
{Heap before GC invocations=38 (full 4):
 PSYoungGen      total 402944K, used 344204K [0x00000000e0000000, 0x00000000ff700000, 0x0000000100000000)
  eden space 329216K, 99% used [0x00000000e0000000,0x00000000f408c128,0x00000000f4180000)
  from space 73728K, 21% used [0x00000000f4180000,0x00000000f51170b0,0x00000000f8980000)
  to   space 70144K, 0% used [0x00000000fb280000,0x00000000fb280000,0x00000000ff700000)
 ParOldGen       total 294912K, used 178586K [0x00000000a0000000, 0x00000000b2000000, 0x00000000e0000000)
  object space 294912K, 60% used [0x00000000a0000000,0x00000000aae66ad8,0x00000000b2000000)
 Metaspace       used 94459K, capacity 98826K, committed 99732K, reserved 1136640K
  class space    used 11954K, capacity 12897K, committed 13244K, reserved 1048576K

